c:\users\azuus\desktop\git io\io2023\build\prototyp.dir\debug\vc142.pdb
c:\users\azuus\desktop\git io\io2023\build\prototyp.dir\debug\kod.obj
c:\users\azuus\desktop\git io\io2023\build\prototyp.dir\debug\zwierze.obj
c:\users\azuus\desktop\git io\io2023\build\prototyp.dir\debug\wizyta.obj
c:\users\azuus\desktop\git io\io2023\build\prototyp.dir\debug\uzytkownik.obj
c:\users\azuus\desktop\git io\io2023\build\prototyp.dir\debug\specjalista.obj
c:\users\azuus\desktop\git io\io2023\build\prototyp.dir\debug\skierowanie.obj
c:\users\azuus\desktop\git io\io2023\build\prototyp.dir\debug\recepta.obj
c:\users\azuus\desktop\git io\io2023\build\prototyp.dir\debug\rachunek.obj
c:\users\azuus\desktop\git io\io2023\build\prototyp.dir\debug\pracownik.obj
c:\users\azuus\desktop\git io\io2023\build\prototyp.dir\debug\pozycja_magazynowa.obj
c:\users\azuus\desktop\git io\io2023\build\prototyp.dir\debug\magazyn.obj
c:\users\azuus\desktop\git io\io2023\build\prototyp.dir\debug\klient.obj
c:\users\azuus\desktop\git io\io2023\build\prototyp.dir\debug\karta_pacjenta.obj
c:\users\azuus\desktop\git io\io2023\build\prototyp.dir\debug\administrator.obj
c:\users\azuus\desktop\git io\io2023\build\prototyp.dir\debug\tools.obj
c:\users\azuus\desktop\git io\io2023\build\cmakefiles\generate.stamp
c:\users\azuus\desktop\git io\io2023\build\bin\debug\prototyp.exe
c:\users\azuus\desktop\git io\io2023\build\prototyp.dir\debug\prototyp.ilk
c:\users\azuus\desktop\git io\io2023\build\bin\debug\prototyp.pdb
c:\users\azuus\desktop\git io\io2023\build\prototyp.dir\debug\prototyp.tlog\cl.command.1.tlog
c:\users\azuus\desktop\git io\io2023\build\prototyp.dir\debug\prototyp.tlog\cl.read.1.tlog
c:\users\azuus\desktop\git io\io2023\build\prototyp.dir\debug\prototyp.tlog\cl.write.1.tlog
c:\users\azuus\desktop\git io\io2023\build\prototyp.dir\debug\prototyp.tlog\custombuild.command.1.tlog
c:\users\azuus\desktop\git io\io2023\build\prototyp.dir\debug\prototyp.tlog\custombuild.read.1.tlog
c:\users\azuus\desktop\git io\io2023\build\prototyp.dir\debug\prototyp.tlog\custombuild.write.1.tlog
c:\users\azuus\desktop\git io\io2023\build\prototyp.dir\debug\prototyp.tlog\link-cvtres.read.1.tlog
c:\users\azuus\desktop\git io\io2023\build\prototyp.dir\debug\prototyp.tlog\link-cvtres.write.1.tlog
c:\users\azuus\desktop\git io\io2023\build\prototyp.dir\debug\prototyp.tlog\link-rc.read.1.tlog
c:\users\azuus\desktop\git io\io2023\build\prototyp.dir\debug\prototyp.tlog\link-rc.write.1.tlog
c:\users\azuus\desktop\git io\io2023\build\prototyp.dir\debug\prototyp.tlog\link.14776-cvtres.read.1.tlog
c:\users\azuus\desktop\git io\io2023\build\prototyp.dir\debug\prototyp.tlog\link.14776-cvtres.write.1.tlog
c:\users\azuus\desktop\git io\io2023\build\prototyp.dir\debug\prototyp.tlog\link.14776-rc.read.1.tlog
c:\users\azuus\desktop\git io\io2023\build\prototyp.dir\debug\prototyp.tlog\link.14776-rc.write.1.tlog
c:\users\azuus\desktop\git io\io2023\build\prototyp.dir\debug\prototyp.tlog\link.14776.read.1.tlog
c:\users\azuus\desktop\git io\io2023\build\prototyp.dir\debug\prototyp.tlog\link.14776.read.3.tlog
c:\users\azuus\desktop\git io\io2023\build\prototyp.dir\debug\prototyp.tlog\link.14776.write.1.tlog
c:\users\azuus\desktop\git io\io2023\build\prototyp.dir\debug\prototyp.tlog\link.command.1.tlog
c:\users\azuus\desktop\git io\io2023\build\prototyp.dir\debug\prototyp.tlog\link.read.1.tlog
c:\users\azuus\desktop\git io\io2023\build\prototyp.dir\debug\prototyp.tlog\link.read.2.tlog
c:\users\azuus\desktop\git io\io2023\build\prototyp.dir\debug\prototyp.tlog\link.write.1.tlog
